Determining if the pthread_create exist failed with the following output:
Change Dir: /home/cjg/LadybugeCalib/build/CMakeFiles/CMakeTmp

Run Build Command:"/usr/bin/make" "cmTC_d471f/fast"
/usr/bin/make -f CMakeFiles/cmTC_d471f.dir/build.make CMakeFiles/cmTC_d471f.dir/build
make[1]: 进入目录“/home/cjg/LadybugeCalib/build/CMakeFiles/CMakeTmp”
Building C object CMakeFiles/cmTC_d471f.dir/CheckSymbolExists.c.o
/usr/bin/cc   -Wall  -O3 -march=native     -o CMakeFiles/cmTC_d471f.dir/CheckSymbolExists.c.o   -c /home/cjg/LadybugeCalib/build/CMakeFiles/CMakeTmp/CheckSymbolExists.c
Linking C executable cmTC_d471f
/usr/bin/cmake -E cmake_link_script CMakeFiles/cmTC_d471f.dir/link.txt --verbose=1
/usr/bin/cc   -Wall  -O3 -march=native      -rdynamic CMakeFiles/cmTC_d471f.dir/CheckSymbolExists.c.o  -o cmTC_d471f 
CMakeFiles/cmTC_d471f.dir/CheckSymbolExists.c.o：在函数‘main’中：
CheckSymbolExists.c:(.text.startup+0x3)：对‘pthread_create’未定义的引用
collect2: error: ld returned 1 exit status
CMakeFiles/cmTC_d471f.dir/build.make:97: recipe for target 'cmTC_d471f' failed
make[1]: *** [cmTC_d471f] Error 1
make[1]: 离开目录“/home/cjg/LadybugeCalib/build/CMakeFiles/CMakeTmp”
Makefile:126: recipe for target 'cmTC_d471f/fast' failed
make: *** [cmTC_d471f/fast] Error 2

File /home/cjg/LadybugeCalib/build/CMakeFiles/CMakeTmp/CheckSymbolExists.c:
/* */
#include <pthread.h>

int main(int argc, char** argv)
{
  (void)argv;
#ifndef pthread_create
  return ((int*)(&pthread_create))[argc];
#else
  (void)argc;
  return 0;
#endif
}

Determining if the function pthread_create exists in the pthreads failed with the following output:
Change Dir: /home/cjg/LadybugeCalib/build/CMakeFiles/CMakeTmp

Run Build Command:"/usr/bin/make" "cmTC_b3b40/fast"
/usr/bin/make -f CMakeFiles/cmTC_b3b40.dir/build.make CMakeFiles/cmTC_b3b40.dir/build
make[1]: 进入目录“/home/cjg/LadybugeCalib/build/CMakeFiles/CMakeTmp”
Building C object CMakeFiles/cmTC_b3b40.dir/CheckFunctionExists.c.o
/usr/bin/cc   -Wall  -O3 -march=native  -DCHECK_FUNCTION_EXISTS=pthread_create   -o CMakeFiles/cmTC_b3b40.dir/CheckFunctionExists.c.o   -c /usr/share/cmake-3.10/Modules/CheckFunctionExists.c
Linking C executable cmTC_b3b40
/usr/bin/cmake -E cmake_link_script CMakeFiles/cmTC_b3b40.dir/link.txt --verbose=1
/usr/bin/cc   -Wall  -O3 -march=native  -DCHECK_FUNCTION_EXISTS=pthread_create    -rdynamic CMakeFiles/cmTC_b3b40.dir/CheckFunctionExists.c.o  -o cmTC_b3b40 -lpthreads 
/usr/bin/ld: 找不到 -lpthreads
collect2: error: ld returned 1 exit status
CMakeFiles/cmTC_b3b40.dir/build.make:97: recipe for target 'cmTC_b3b40' failed
make[1]: *** [cmTC_b3b40] Error 1
make[1]: 离开目录“/home/cjg/LadybugeCalib/build/CMakeFiles/CMakeTmp”
Makefile:126: recipe for target 'cmTC_b3b40/fast' failed
make: *** [cmTC_b3b40/fast] Error 2


